
> rest-express@1.0.0 dev
> NODE_ENV=development tsx server/index.ts

Fetching awesome-video data from JSON source
Fetching awesome-video JSON from: https://raw.githubusercontent.com/krzemienski/awesome-video/master/contents.json
✅ JSON data fetched successfully
✅ Parsed 2011 video resources
Successfully fetched awesome-video with 2011 resources
7:56:18 PM [express] serving on port 5000
Browserslist: browsers data (caniuse-lite) is 10 months old. Please run:
  npx update-browserslist-db@latest
  Why you should do it regularly: https://github.com/browserslist/update-db#readme
[vite:css] @import must precede all other statements (besides @charset or empty @layer)
4  |  
5  |  /* Mobile improvements */
6  |  @import './styles/mobile-improvements.css';
   |  ^^^^^^^^^^^^^^^^^^^^^^^^^^^^^^^^^^^^^^^^^^^
7  |  
8  |  html {
7:56:37 PM [express] GET /api/awesome-list 304 in 20ms :: {"title":"Awesome Video ","description":"A…
7:58:16 PM [express] GET /api/awesome-list 304 in 24ms :: {"title":"Awesome Video ","description":"A…
8:12:52 PM [express] GET /api/awesome-list 200 in 21ms :: {"title":"Awesome Video ","description":"A…
8:13:13 PM [express] GET /api/awesome-list 200 in 24ms :: {"title":"Awesome Video ","description":"A…
8:13:26 PM [express] GET /api/awesome-list 200 in 22ms :: {"title":"Awesome Video ","description":"A…
8:13:32 PM [express] GET /api/awesome-list 304 in 22ms :: {"title":"Awesome Video ","description":"A…
