 INFO  Accepting connections at http://localhost:8080
 HTTP  6/14/2025 10:24:28 AM ::1 GET /
 HTTP  6/14/2025 10:24:28 AM ::1 Returned 200 in 11 ms
 HTTP  6/14/2025 10:24:28 AM ::1 GET /assets/index-C1Iko6Oa.js
 HTTP  6/14/2025 10:24:28 AM ::1 GET /assets/index-D-ArMTUm.css
 HTTP  6/14/2025 10:24:28 AM ::1 Returned 200 in 1 ms
 HTTP  6/14/2025 10:24:28 AM ::1 Returned 200 in 4 ms
 HTTP  6/14/2025 10:24:28 AM ::1 GET /data/awesome-list.json
 HTTP  6/14/2025 10:24:28 AM ::1 Returned 200 in 2 ms
 HTTP  6/14/2025 10:24:59 AM ::1 GET /api/awesome-list
 HTTP  6/14/2025 10:24:59 AM ::1 Returned 200 in 0 ms
 HTTP  6/14/2025 10:25:52 AM ::1 GET /?v=2
 HTTP  6/14/2025 10:25:52 AM ::1 Returned 200 in 1 ms
 HTTP  6/14/2025 10:25:52 AM ::1 GET /assets/index-BPq-YkTF.js
 HTTP  6/14/2025 10:25:52 AM ::1 GET /assets/index-D-ArMTUm.css
 HTTP  6/14/2025 10:25:52 AM ::1 Returned 304 in 0 ms
 HTTP  6/14/2025 10:25:52 AM ::1 Returned 200 in 2 ms
 HTTP  6/14/2025 10:25:52 AM ::1 GET /data/awesome-list.json
 HTTP  6/14/2025 10:25:52 AM ::1 Returned 304 in 1 ms
 HTTP  6/14/2025 10:26:25 AM ::1 GET /?v=2
 HTTP  6/14/2025 10:26:25 AM ::1 Returned 304 in 1 ms
 HTTP  6/14/2025 10:26:25 AM ::1 GET /assets/index-BPq-YkTF.js
 HTTP  6/14/2025 10:26:25 AM ::1 Returned 304 in 1 ms
 HTTP  6/14/2025 10:26:25 AM ::1 GET /assets/index-D-ArMTUm.css
 HTTP  6/14/2025 10:26:25 AM ::1 Returned 304 in 0 ms
 HTTP  6/14/2025 10:26:25 AM ::1 GET /data/awesome-list.json
 HTTP  6/14/2025 10:26:25 AM ::1 Returned 304 in 1 ms
 HTTP  6/14/2025 10:28:34 AM ::1 GET /data/awesome-list.json
 HTTP  6/14/2025 10:28:34 AM ::1 Returned 304 in 1 ms
 HTTP  6/14/2025 10:28:46 AM ::1 GET /?v=2
 HTTP  6/14/2025 10:28:46 AM ::1 Returned 304 in 0 ms
 HTTP  6/14/2025 10:28:46 AM ::1 GET /assets/index-BPq-YkTF.js
 HTTP  6/14/2025 10:28:46 AM ::1 Returned 304 in 0 ms
 HTTP  6/14/2025 10:28:46 AM ::1 GET /assets/index-D-ArMTUm.css
 HTTP  6/14/2025 10:28:46 AM ::1 Returned 304 in 0 ms
 HTTP  6/14/2025 10:28:46 AM ::1 GET /data/awesome-list.json
 HTTP  6/14/2025 10:28:46 AM ::1 Returned 304 in 1 ms
 HTTP  6/14/2025 10:29:30 AM ::1 GET /
 HTTP  6/14/2025 10:29:30 AM ::1 Returned 200 in 1 ms
 HTTP  6/14/2025 10:29:30 AM ::1 GET /assets/index-D-ArMTUm.css
 HTTP  6/14/2025 10:29:30 AM ::1 Returned 304 in 1 ms
 HTTP  6/14/2025 10:29:30 AM ::1 GET /assets/index-BPq-YkTF.js
 HTTP  6/14/2025 10:29:30 AM ::1 Returned 304 in 0 ms
 HTTP  6/14/2025 10:29:30 AM ::1 GET /data/awesome-list.json
 HTTP  6/14/2025 10:29:30 AM ::1 Returned 304 in 1 ms
 HTTP  6/14/2025 10:31:52 AM ::1 GET /?v=3
 HTTP  6/14/2025 10:31:52 AM ::1 Returned 200 in 1 ms
 HTTP  6/14/2025 10:31:52 AM ::1 GET /assets/index-DgCZxNEo.js
 HTTP  6/14/2025 10:31:52 AM ::1 GET /assets/index-D-ArMTUm.css
 HTTP  6/14/2025 10:31:52 AM ::1 Returned 304 in 1 ms
 HTTP  6/14/2025 10:31:52 AM ::1 Returned 200 in 3 ms
 HTTP  6/14/2025 10:31:52 AM ::1 GET /data/awesome-list.json
 HTTP  6/14/2025 10:31:52 AM ::1 Returned 304 in 1 ms
 HTTP  6/14/2025 10:32:34 AM ::1 GET /
 HTTP  6/14/2025 10:32:34 AM ::1 Returned 200 in 0 ms
 HTTP  6/14/2025 10:33:41 AM ::1 GET /?v=4
 HTTP  6/14/2025 10:33:41 AM ::1 Returned 200 in 1 ms
 HTTP  6/14/2025 10:33:41 AM ::1 GET /assets/index-DgCZxNEo.js
 HTTP  6/14/2025 10:33:41 AM ::1 GET /assets/index-D-ArMTUm.css
 HTTP  6/14/2025 10:33:41 AM ::1 Returned 304 in 1 ms
 HTTP  6/14/2025 10:33:41 AM ::1 Returned 304 in 2 ms
 HTTP  6/14/2025 10:33:41 AM ::1 GET /data/awesome-list.json
 HTTP  6/14/2025 10:33:41 AM ::1 Returned 304 in 1 ms
 HTTP  6/14/2025 10:35:27 AM ::1 GET /test.html
 HTTP  6/14/2025 10:35:27 AM ::1 Returned 301 in 1 ms
 HTTP  6/14/2025 10:35:27 AM ::1 GET /test
 HTTP  6/14/2025 10:35:27 AM ::1 Returned 200 in 0 ms
 HTTP  6/14/2025 10:35:27 AM ::1 GET /assets/index-DgCZxNEo.js
 HTTP  6/14/2025 10:35:27 AM ::1 Returned 304 in 0 ms
 HTTP  6/14/2025 10:35:27 AM ::1 GET /assets/index-D-ArMTUm.css
 HTTP  6/14/2025 10:35:27 AM ::1 Returned 304 in 1 ms
 HTTP  6/14/2025 10:35:27 AM ::1 GET /data/awesome-list.json
 HTTP  6/14/2025 10:35:27 AM ::1 Returned 304 in 0 ms
 HTTP  6/14/2025 10:36:05 AM ::1 GET /test.html
 HTTP  6/14/2025 10:36:05 AM ::1 Returned 301 in 0 ms
 HTTP  6/14/2025 10:36:33 AM ::1 GET /debug-test
 HTTP  6/14/2025 10:36:33 AM ::1 Returned 200 in 1 ms
 HTTP  6/14/2025 10:36:33 AM ::1 GET /assets/index-DgCZxNEo.js
 HTTP  6/14/2025 10:36:33 AM ::1 Returned 304 in 0 ms
 HTTP  6/14/2025 10:36:33 AM ::1 GET /assets/index-D-ArMTUm.css
 HTTP  6/14/2025 10:36:33 AM ::1 Returned 304 in 0 ms
 HTTP  6/14/2025 10:36:33 AM ::1 GET /data/awesome-list.json
 HTTP  6/14/2025 10:36:33 AM ::1 Returned 304 in 0 ms

 INFO  Gracefully shutting down. Please wait...
